<?xml version="1.0" encoding="UTF-8"?>
<testsuite name="com.ohgiraffers.bootproject.BootProjectApplicationTests" tests="1" skipped="0" failures="0" errors="0" timestamp="2024-04-08T02:08:03" hostname="LAPTOP-SB0CM2VU" time="1.088">
  <properties/>
  <testcase name="contextLoads()" classname="com.ohgiraffers.bootproject.BootProjectApplicationTests" time="1.088"/>
  <system-out><![CDATA[11:08:00.364 [Test worker] INFO org.springframework.test.context.support.AnnotationConfigContextLoaderUtils -- Could not detect default configuration classes for test class [com.ohgiraffers.bootproject.BootProjectApplicationTests]: BootProjectApplicationTests does not declare any static, non-private, non-final, nested classes annotated with @Configuration.
11:08:00.531 [Test worker] INFO org.springframework.boot.test.context.SpringBootTestContextBootstrapper -- Found @SpringBootConfiguration com.ohgiraffers.bootproject.BootProjectApplication for test class com.ohgiraffers.bootproject.BootProjectApplicationTests

  .   ____          _            __ _ _
 /\\ / ___'_ __ _ _(_)_ __  __ _ \ \ \ \
( ( )\___ | '_ | '_| | '_ \/ _` | \ \ \ \
 \\/  ___)| |_)| | | | | || (_| |  ) ) ) )
  '  |____| .__|_| |_|_| |_\__, | / / / /
 =========|_|==============|___/=/_/_/_/
 :: Spring Boot ::                (v3.2.4)

2024-04-08T11:08:01.168+09:00  INFO 14972 --- [    Test worker] c.o.b.BootProjectApplicationTests        : Starting BootProjectApplicationTests using Java 17.0.3 with PID 14972 (started by Playdata in C:\lecture\14_devops\bootProject)
2024-04-08T11:08:01.170+09:00  INFO 14972 --- [    Test worker] c.o.b.BootProjectApplicationTests        : No active profile set, falling back to 1 default profile: "default"
2024-04-08T11:08:03.088+09:00  INFO 14972 --- [    Test worker] c.o.b.BootProjectApplicationTests        : Started BootProjectApplicationTests in 2.284 seconds (process running for 3.984)
]]></system-out>
  <system-err><![CDATA[]]></system-err>
</testsuite>
